21:33:14 INFO  : Launching XSDB server: xsdb.bat D:/Xilinx/SDK/2015.4/scripts/xsdb/xsdb/xsdb-server.tcl
21:33:15 INFO  : XSDB server has started successfully.
21:33:15 INFO  : Processing command line option -hwspec G:/Embedded/ZYNQ7000/Program/Zed/first_zyqn_design/first_zyqn_design.sdk/zynq_system_1_wrapper.hdf.
21:43:02 INFO  : Connected to target on host '127.0.0.1' and port '3121'.
21:43:04 INFO  : 'targets -set -filter {jtag_cable_name =~ "Digilent Zed 210248586233" && level==0} -index 1' command is executed.
21:43:08 INFO  : FPGA configured successfully with bitstream "G:/Embedded/ZYNQ7000/Program/Zed/first_zyqn_design/first_zyqn_design.sdk/zynq_system_1_wrapper_hw_platform_0/zynq_system_1_wrapper.bit"
21:46:22 INFO  : 'targets -set -filter {jtag_cable_name =~ "Digilent Zed 210248586233" && level==0} -index 1' command is executed.
21:46:23 INFO  : 'fpga -state' command is executed.
21:46:23 INFO  : Connected to target on host '127.0.0.1' and port '3121'.
21:46:23 INFO  : Sourcing of 'G:/Embedded/ZYNQ7000/Program/Zed/first_zyqn_design/first_zyqn_design.sdk/zynq_system_1_wrapper_hw_platform_0/ps7_init.tcl' is done.
21:46:24 INFO  : 'targets -set -filter {name =~"APU" && jtag_cable_name =~ "Digilent Zed 210248586233"} -index 0' command is executed.
21:46:24 INFO  : Hardware design information is loaded from 'G:/Embedded/ZYNQ7000/Program/Zed/first_zyqn_design/first_zyqn_design.sdk/zynq_system_1_wrapper_hw_platform_0/system.hdf'.
21:46:24 INFO  : 'targets -set -filter {name =~"APU" && jtag_cable_name =~ "Digilent Zed 210248586233"} -index 0' command is executed.
21:46:24 INFO  : 'stop' command is executed.
21:46:39 INFO  : 'ps7_init' command is executed.
21:46:39 INFO  : 'ps7_post_config' command is executed.
21:46:39 INFO  : 'con' command is executed.
21:46:40 INFO  : Context for processor 'ps7_cortexa9_0' is selected.
21:46:41 INFO  : Processor reset is completed for 'ps7_cortexa9_0'.
21:46:41 INFO  : Context for processor 'ps7_cortexa9_0' is selected.
21:46:43 INFO  : The application 'G:/Embedded/ZYNQ7000/Program/Zed/first_zyqn_design/first_zyqn_design.sdk/Marquee/Debug/Marquee.elf' is downloaded to processor 'ps7_cortexa9_0'.
21:46:43 INFO  : ----------------XSDB Script----------------
connect -url tcp:127.0.0.1:3121
source G:/Embedded/ZYNQ7000/Program/Zed/first_zyqn_design/first_zyqn_design.sdk/zynq_system_1_wrapper_hw_platform_0/ps7_init.tcl
targets -set -filter {name =~"APU" && jtag_cable_name =~ "Digilent Zed 210248586233"} -index 0
loadhw G:/Embedded/ZYNQ7000/Program/Zed/first_zyqn_design/first_zyqn_design.sdk/zynq_system_1_wrapper_hw_platform_0/system.hdf
targets -set -filter {name =~"APU" && jtag_cable_name =~ "Digilent Zed 210248586233"} -index 0
stop
ps7_init
ps7_post_config
con
targets -set -nocase -filter {name =~ "ARM*#0" && jtag_cable_name =~ "Digilent Zed 210248586233"} -index 0
rst -processor
targets -set -nocase -filter {name =~ "ARM*#0" && jtag_cable_name =~ "Digilent Zed 210248586233"} -index 0
dow G:/Embedded/ZYNQ7000/Program/Zed/first_zyqn_design/first_zyqn_design.sdk/Marquee/Debug/Marquee.elf
----------------End of Script----------------

21:46:43 INFO  : Memory regions updated for context APU
21:46:43 INFO  : Context for processor 'ps7_cortexa9_0' is selected.
21:46:43 INFO  : 'con' command is executed.
21:46:43 INFO  : ----------------XSDB Script (After Launch)----------------
targets -set -nocase -filter {name =~ "ARM*#0" && jtag_cable_name =~ "Digilent Zed 210248586233"} -index 0
con
----------------End of Script----------------

21:46:47 INFO  : ps7_init is completed.
21:46:48 INFO  : ps7_post_config is completed.
21:46:49 INFO  : Processor reset is completed for ps7_cortexa9_0
21:48:24 INFO  : Disconnected from the channel tcfchan#1.
21:48:26 INFO  : Processor reset is completed for ps7_cortexa9_0
22:00:36 ERROR : Unexpected error while parsing XMD response ?: com.google.gson.JsonSyntaxException: com.google.gson.stream.MalformedJsonException: invalid number or unquoted string near 
